d:\users\ty\code\vs2017\pythagoras\zlib-1.2.11\contrib\vstudio\vc14\x64\zlibstatdebug\tmp\uncompr.obj
d:\users\ty\code\vs2017\pythagoras\zlib-1.2.11\contrib\vstudio\vc14\x64\zlibstatdebug\tmp\trees.obj
d:\users\ty\code\vs2017\pythagoras\zlib-1.2.11\contrib\vstudio\vc14\x64\zlibstatdebug\tmp\inftrees.obj
d:\users\ty\code\vs2017\pythagoras\zlib-1.2.11\contrib\vstudio\vc14\x64\zlibstatdebug\tmp\inflate.obj
d:\users\ty\code\vs2017\pythagoras\zlib-1.2.11\contrib\vstudio\vc14\x64\zlibstatdebug\tmp\inffast.obj
d:\users\ty\code\vs2017\pythagoras\zlib-1.2.11\contrib\vstudio\vc14\x64\zlibstatdebug\tmp\inffas8664.obj
d:\users\ty\code\vs2017\pythagoras\zlib-1.2.11\contrib\vstudio\vc14\x64\zlibstatdebug\tmp\zip.obj
d:\users\ty\code\vs2017\pythagoras\zlib-1.2.11\contrib\vstudio\vc14\x64\zlibstatdebug\tmp\unzip.obj
d:\users\ty\code\vs2017\pythagoras\zlib-1.2.11\contrib\vstudio\vc14\x64\zlibstatdebug\tmp\mztools.obj
d:\users\ty\code\vs2017\pythagoras\zlib-1.2.11\contrib\vstudio\vc14\x64\zlibstatdebug\tmp\iowin32.obj
d:\users\ty\code\vs2017\pythagoras\zlib-1.2.11\contrib\vstudio\vc14\x64\zlibstatdebug\tmp\ioapi.obj
d:\users\ty\code\vs2017\pythagoras\zlib-1.2.11\contrib\vstudio\vc14\x64\zlibstatdebug\tmp\infback.obj
d:\users\ty\code\vs2017\pythagoras\zlib-1.2.11\contrib\vstudio\vc14\x64\zlibstatdebug\tmp\gzwrite.obj
d:\users\ty\code\vs2017\pythagoras\zlib-1.2.11\contrib\vstudio\vc14\x64\zlibstatdebug\tmp\gzread.obj
d:\users\ty\code\vs2017\pythagoras\zlib-1.2.11\contrib\vstudio\vc14\x64\zlibstatdebug\tmp\gzlib.obj
d:\users\ty\code\vs2017\pythagoras\zlib-1.2.11\contrib\vstudio\vc14\x64\zlibstatdebug\tmp\gzclose.obj
d:\users\ty\code\vs2017\pythagoras\zlib-1.2.11\contrib\vstudio\vc14\x64\zlibstatdebug\tmp\deflate.obj
d:\users\ty\code\vs2017\pythagoras\zlib-1.2.11\contrib\vstudio\vc14\x64\zlibstatdebug\tmp\crc32.obj
d:\users\ty\code\vs2017\pythagoras\zlib-1.2.11\contrib\vstudio\vc14\x64\zlibstatdebug\tmp\compress.obj
d:\users\ty\code\vs2017\pythagoras\zlib-1.2.11\contrib\vstudio\vc14\x64\zlibstatdebug\tmp\adler32.obj
d:\users\ty\code\vs2017\pythagoras\zlib-1.2.11\contrib\vstudio\vc14\x64\zlibstatdebug\tmp\zutil.obj
d:\users\ty\code\vs2017\pythagoras\x64\zlibstat.lib
d:\users\ty\code\vs2017\pythagoras\zlib-1.2.11\contrib\vstudio\vc14\x64\zlibstatdebug\tmp\zlib.res
d:\ty\code\github\pythagoras\zlib-1.2.11\contrib\vstudio\vc14\x64\zlibstatdebug\tmp\adler32.obj
d:\ty\code\github\pythagoras\zlib-1.2.11\contrib\vstudio\vc14\x64\zlibstatdebug\tmp\compress.obj
d:\ty\code\github\pythagoras\zlib-1.2.11\contrib\vstudio\vc14\x64\zlibstatdebug\tmp\crc32.obj
d:\ty\code\github\pythagoras\zlib-1.2.11\contrib\vstudio\vc14\x64\zlibstatdebug\tmp\deflate.obj
d:\ty\code\github\pythagoras\zlib-1.2.11\contrib\vstudio\vc14\x64\zlibstatdebug\tmp\gzclose.obj
d:\ty\code\github\pythagoras\zlib-1.2.11\contrib\vstudio\vc14\x64\zlibstatdebug\tmp\gzlib.obj
d:\ty\code\github\pythagoras\zlib-1.2.11\contrib\vstudio\vc14\x64\zlibstatdebug\tmp\gzread.obj
d:\ty\code\github\pythagoras\zlib-1.2.11\contrib\vstudio\vc14\x64\zlibstatdebug\tmp\gzwrite.obj
d:\ty\code\github\pythagoras\zlib-1.2.11\contrib\vstudio\vc14\x64\zlibstatdebug\tmp\infback.obj
d:\ty\code\github\pythagoras\zlib-1.2.11\contrib\vstudio\vc14\x64\zlibstatdebug\tmp\inffas8664.obj
d:\ty\code\github\pythagoras\zlib-1.2.11\contrib\vstudio\vc14\x64\zlibstatdebug\tmp\inffast.obj
d:\ty\code\github\pythagoras\zlib-1.2.11\contrib\vstudio\vc14\x64\zlibstatdebug\tmp\inflate.obj
d:\ty\code\github\pythagoras\zlib-1.2.11\contrib\vstudio\vc14\x64\zlibstatdebug\tmp\inftrees.obj
d:\ty\code\github\pythagoras\zlib-1.2.11\contrib\vstudio\vc14\x64\zlibstatdebug\tmp\ioapi.obj
d:\ty\code\github\pythagoras\zlib-1.2.11\contrib\vstudio\vc14\x64\zlibstatdebug\tmp\iowin32.obj
d:\ty\code\github\pythagoras\zlib-1.2.11\contrib\vstudio\vc14\x64\zlibstatdebug\tmp\mztools.obj
d:\ty\code\github\pythagoras\zlib-1.2.11\contrib\vstudio\vc14\x64\zlibstatdebug\tmp\trees.obj
d:\ty\code\github\pythagoras\zlib-1.2.11\contrib\vstudio\vc14\x64\zlibstatdebug\tmp\uncompr.obj
d:\ty\code\github\pythagoras\zlib-1.2.11\contrib\vstudio\vc14\x64\zlibstatdebug\tmp\unzip.obj
d:\ty\code\github\pythagoras\zlib-1.2.11\contrib\vstudio\vc14\x64\zlibstatdebug\tmp\zip.obj
d:\ty\code\github\pythagoras\zlib-1.2.11\contrib\vstudio\vc14\x64\zlibstatdebug\tmp\zutil.obj
d:\ty\code\github\pythagoras\zlib-1.2.11\contrib\vstudio\vc14\x64\zlibstatdebug\tmp\zlib.res
d:\ty\code\github\pythagoras\zlib-1.2.11\contrib\vstudio\vc14\x64\zlibstatdebug\tmp\zlibstat.tlog\cl.command.1.tlog
d:\ty\code\github\pythagoras\zlib-1.2.11\contrib\vstudio\vc14\x64\zlibstatdebug\tmp\zlibstat.tlog\cl.read.1.tlog
d:\ty\code\github\pythagoras\zlib-1.2.11\contrib\vstudio\vc14\x64\zlibstatdebug\tmp\zlibstat.tlog\cl.write.1.tlog
d:\ty\code\github\pythagoras\zlib-1.2.11\contrib\vstudio\vc14\x64\zlibstatdebug\tmp\zlibstat.tlog\lib-link-cvtres.write.1.tlog
d:\ty\code\github\pythagoras\zlib-1.2.11\contrib\vstudio\vc14\x64\zlibstatdebug\tmp\zlibstat.tlog\lib.command.1.tlog
d:\ty\code\github\pythagoras\zlib-1.2.11\contrib\vstudio\vc14\x64\zlibstatdebug\tmp\zlibstat.tlog\lib.read.1.tlog
d:\ty\code\github\pythagoras\zlib-1.2.11\contrib\vstudio\vc14\x64\zlibstatdebug\tmp\zlibstat.tlog\rc.command.1.tlog
d:\ty\code\github\pythagoras\zlib-1.2.11\contrib\vstudio\vc14\x64\zlibstatdebug\tmp\zlibstat.tlog\rc.read.1.tlog
d:\ty\code\github\pythagoras\zlib-1.2.11\contrib\vstudio\vc14\x64\zlibstatdebug\tmp\zlibstat.tlog\rc.write.1.tlog
