  Microsoft (R) Macro Assembler (x64) Version 14.16.27043.0
  Copyright (C) Microsoft Corporation.  All rights reserved.
  
   Assembling: inffasx64.asm
  Microsoft (R) Macro Assembler (x64) Version 14.16.27043.0
  Copyright (C) Microsoft Corporation.  All rights reserved.
  
   Assembling: gvmat64.asm
  adler32.c
  compress.c
  crc32.c
  deflate.c
  Assembler code may have bugs -- use at your own risk
  gzclose.c
  gzlib.c
  gzread.c
d:\users\ty\code\vs2017\pythagoras\zlib-1.2.11\gzread.c(319): warning C4267: '=': conversion from 'size_t' to 'unsigned int', possible loss of data
d:\users\ty\code\vs2017\pythagoras\zlib-1.2.11\gzread.c(400): warning C4267: '=': conversion from 'size_t' to 'unsigned int', possible loss of data
d:\users\ty\code\vs2017\pythagoras\zlib-1.2.11\gzread.c(472): warning C4267: '=': conversion from 'size_t' to 'int', possible loss of data
  gzwrite.c
d:\users\ty\code\vs2017\pythagoras\zlib-1.2.11\gzwrite.c(212): warning C4267: '=': conversion from 'size_t' to 'unsigned int', possible loss of data
d:\users\ty\code\vs2017\pythagoras\zlib-1.2.11\gzwrite.c(232): warning C4267: '=': conversion from 'size_t' to 'unsigned int', possible loss of data
d:\users\ty\code\vs2017\pythagoras\zlib-1.2.11\gzwrite.c(371): warning C4267: '=': conversion from 'size_t' to 'int', possible loss of data
  infback.c
  ioapi.c
  iowin32.c
d:\users\ty\code\vs2017\pythagoras\zlib-1.2.11\iowin32.c(31): warning C4067: unexpected tokens following preprocessor directive - expected a newline
  mztools.c
  unzip.c
  zip.c
  inffas8664.c
  inffast.c
  Assembler code may have bugs -- use at your own risk
  inflate.c
  inftrees.c
  trees.c
  uncompr.c
  Generating Code...
  Compiling...
  zutil.c
  Generating Code...
  zlibstat.vcxproj -> D:\Users\Ty\Code\VS2017\Pythagoras\x64\zlibstat.lib
